<?xml version="1.0" encoding="UTF-8"?>
<!-- Generated by org.testng.reporters.JUnitReportReporter -->
<testsuite hostname="DESKTOP-9446LLP" failures="0" tests="1" name="testCase.RegisterCase" time="29.348" errors="0" timestamp="15 3æœˆ 2020 13:47:52 GMT" skipped="0">
  <testcase classname="testCase.RegisterCase" name="registerTest" time="29.348"/>
</testsuite> <!-- testCase.RegisterCase -->
