<?xml version="1.0" encoding="UTF-8"?>
<!-- Generated by org.testng.reporters.JUnitReportReporter -->
<testsuite hostname="DESKTOP-9446LLP" failures="0" tests="1" name="testCase.SelectCategoryCase" time="17.839" errors="0" timestamp="15 3æœˆ 2020 05:20:31 GMT" skipped="0">
  <testcase classname="testCase.SelectCategoryCase" name="categoryGoodsTest" time="17.839"/>
</testsuite> <!-- testCase.SelectCategoryCase -->
