<?xml version="1.0" encoding="UTF-8"?>
<!-- Generated by org.testng.reporters.JUnitReportReporter -->
<testsuite hostname="DESKTOP-9446LLP" failures="0" tests="1" name="testCase.CancelAftersaleCase" time="65.701" errors="0" timestamp="15 3æœˆ 2020 09:18:29 GMT" skipped="0">
  <testcase classname="testCase.CancelAftersaleCase" name="sacnIntegralTest" time="65.701"/>
</testsuite> <!-- testCase.CancelAftersaleCase -->
