<?xml version="1.0" encoding="UTF-8"?>
<!-- Generated by org.testng.reporters.JUnitReportReporter -->
<testsuite hostname="DESKTOP-9446LLP" failures="0" tests="1" name="testCase.ScanIntegralCase" time="66.138" errors="0" timestamp="15 3æœˆ 2020 08:19:17 GMT" skipped="0">
  <testcase classname="testCase.ScanIntegralCase" name="sacnIntegralTest" time="66.138"/>
</testsuite> <!-- testCase.ScanIntegralCase -->
