<?xml version="1.0" encoding="UTF-8"?>
<!-- Generated by org.testng.reporters.JUnitReportReporter -->
<testsuite hostname="DESKTOP-9446LLP" failures="0" tests="1" name="testCase.LoginTest" time="22.822" errors="0" timestamp="26 2æœˆ 2020 06:31:33 GMT" skipped="0">
  <testcase classname="testCase.LoginTest" name="testlogin" time="22.822"/>
</testsuite> <!-- testCase.LoginTest -->
