<?xml version="1.0" encoding="UTF-8"?>
<!-- Generated by org.testng.reporters.JUnitReportReporter -->
<testsuite hostname="DESKTOP-9446LLP" failures="0" tests="1" name="testCase.CancelCollectionCase" time="49.431" errors="0" timestamp="15 3æœˆ 2020 06:05:10 GMT" skipped="0">
  <testcase classname="testCase.CancelCollectionCase" name="cancelCollectionTest" time="49.431"/>
</testsuite> <!-- testCase.CancelCollectionCase -->
