<?xml version="1.0" encoding="UTF-8"?>
<!-- Generated by org.testng.reporters.JUnitReportReporter -->
<testsuite hostname="DESKTOP-9446LLP" failures="0" tests="1" name="testCase.EditPersonlaDataCase" time="52.505" errors="0" timestamp="15 3æœˆ 2020 13:13:35 GMT" skipped="0">
  <testcase classname="testCase.EditPersonlaDataCase" name="criticTest" time="52.505"/>
</testsuite> <!-- testCase.EditPersonlaDataCase -->
