<?xml version="1.0" encoding="UTF-8"?>
<!-- Generated by org.testng.reporters.JUnitReportReporter -->
<testsuite hostname="DESKTOP-9446LLP" failures="0" tests="1" name="testCase.EditPasswordCase" time="55.515" errors="0" timestamp="15 3æœˆ 2020 14:46:58 GMT" skipped="0">
  <testcase classname="testCase.EditPasswordCase" name="editPasswordTest" time="55.515"/>
</testsuite> <!-- testCase.EditPasswordCase -->
