<?xml version="1.0" encoding="UTF-8"?>
<!-- Generated by org.testng.reporters.JUnitReportReporter -->
<testsuite hostname="DESKTOP-9446LLP" failures="0" tests="1" name="testCase.OrderCriticCase" time="81.660" errors="0" timestamp="15 3æœˆ 2020 12:32:11 GMT" skipped="0">
  <testcase classname="testCase.OrderCriticCase" name="criticTest" time="81.660"/>
</testsuite> <!-- testCase.OrderCriticCase -->
