<?xml version="1.0" encoding="UTF-8"?>
<!-- Generated by org.testng.reporters.JUnitReportReporter -->
<testsuite hostname="DESKTOP-9446LLP" failures="0" tests="1" name="testCase.LoginCase" time="22.846" errors="0" timestamp="15 3æœˆ 2020 15:46:12 GMT" skipped="0">
  <testcase classname="testCase.LoginCase" name="loginTest" time="22.846"/>
</testsuite> <!-- testCase.LoginCase -->
