<?xml version="1.0" encoding="UTF-8"?>
<!-- Generated by org.testng.reporters.JUnitReportReporter -->
<testsuite hostname="DESKTOP-9446LLP" failures="0" tests="1" name="testCase.DeleteQuestionCase" time="70.394" errors="0" timestamp="15 3æœˆ 2020 13:34:21 GMT" skipped="0">
  <testcase classname="testCase.DeleteQuestionCase" name="deleteMessageTest" time="70.394"/>
</testsuite> <!-- testCase.DeleteQuestionCase -->
