<?xml version="1.0" encoding="UTF-8"?>
<!-- Generated by org.testng.reporters.JUnitReportReporter -->
<testsuite hostname="DESKTOP-9446LLP" failures="0" tests="1" name="testCase.ScanAftersaleDetailCase" time="62.453" errors="0" timestamp="15 3æœˆ 2020 09:27:57 GMT" skipped="0">
  <testcase classname="testCase.ScanAftersaleDetailCase" name="scanAftersaleTest" time="62.453"/>
</testsuite> <!-- testCase.ScanAftersaleDetailCase -->
