<?xml version="1.0" encoding="UTF-8"?>
<!-- Generated by org.testng.reporters.JUnitReportReporter -->
<testsuite hostname="DESKTOP-9446LLP" failures="0" tests="1" name="testCase.testSearch" time="58.331" errors="0" timestamp="26 2æœˆ 2020 13:57:41 GMT" skipped="0">
  <testcase classname="testCase.testSearch" name="searchTest" time="58.331"/>
</testsuite> <!-- testCase.testSearch -->
