<?xml version="1.0" encoding="UTF-8"?>
<!-- Generated by org.testng.reporters.JUnitReportReporter -->
<testsuite hostname="DESKTOP-9446LLP" failures="0" tests="1" name="testCase.ScanMessageCase" time="84.626" errors="0" timestamp="15 3æœˆ 2020 08:38:55 GMT" skipped="0">
  <testcase classname="testCase.ScanMessageCase" name="sacnIntegralTest" time="84.626"/>
</testsuite> <!-- testCase.ScanMessageCase -->
