<?xml version="1.0" encoding="UTF-8"?>
<!-- Generated by org.testng.reporters.JUnitReportReporter -->
<testsuite hostname="DESKTOP-9446LLP" failures="0" tests="1" name="testCase.ApplyRefundCase" time="81.486" errors="0" timestamp="15 3æœˆ 2020 12:01:50 GMT" skipped="0">
  <testcase classname="testCase.ApplyRefundCase" name="applyAftersaleTest" time="81.486"/>
</testsuite> <!-- testCase.ApplyRefundCase -->
